<?xml version="1.0" encoding="UTF-8"?>
<!-- Generated by org.testng.reporters.JUnitReportReporter -->
<testsuite hostname="DESKTOP-Q7S0LT0" failures="0" tests="2" name="Pac2.OrgTest" time="0.003" errors="0" timestamp="2024-07-13T15:54:04 IST" skipped="0">
  <testcase classname="Pac2.OrgTest" name="modifyOrgTest" time="0.003"/>
  <testcase classname="Pac2.OrgTest" name="createOrgTest" time="0.000"/>
</testsuite> <!-- Pac2.OrgTest -->
