<?xml version="1.0" encoding="UTF-8"?>
<!-- Generated by org.testng.reporters.JUnitReportReporter -->
<testsuite hostname="DESKTOP-Q7S0LT0" failures="0" tests="2" name="Pac1.ContactTest" time="0.015" errors="0" timestamp="2024-07-13T15:54:04 IST" skipped="0">
  <testcase classname="Pac1.ContactTest" name="createContactTest" time="0.011"/>
  <testcase classname="Pac1.ContactTest" name="modifyContactTest" time="0.004"/>
</testsuite> <!-- Pac1.ContactTest -->
